0 info it worked if it ends with ok
1 verbose cli [ 'node', '/usr/local/bin/npm', 'publish', 'generator-fe' ]
2 info using npm@1.2.14
3 info using node@v0.10.0
4 verbose publish [ 'generator-fe' ]
5 verbose read json /Users/artem/Dropbox/Work/Euristica/rodlex.ru/Website/generator-fe/generator-fe/package.json
6 verbose cache add [ 'generator-fe', null ]
7 verbose cache add name=undefined spec="generator-fe" args=["generator-fe",null]
8 verbose parsed url { protocol: null,
8 verbose parsed url   slashes: null,
8 verbose parsed url   auth: null,
8 verbose parsed url   host: null,
8 verbose parsed url   port: null,
8 verbose parsed url   hostname: null,
8 verbose parsed url   hash: null,
8 verbose parsed url   search: null,
8 verbose parsed url   query: null,
8 verbose parsed url   pathname: 'generator-fe',
8 verbose parsed url   path: 'generator-fe',
8 verbose parsed url   href: 'generator-fe' }
9 silly lockFile 700c16c7-generator-fe generator-fe
10 verbose lock generator-fe /Users/artem/.npm/700c16c7-generator-fe.lock
11 silly lockFile 700c16c7-generator-fe generator-fe
12 silly lockFile 700c16c7-generator-fe generator-fe
13 verbose addNamed [ 'generator-fe', '' ]
14 verbose addNamed [ null, '' ]
15 silly lockFile c167214d-generator-fe generator-fe@
16 verbose lock generator-fe@ /Users/artem/.npm/c167214d-generator-fe.lock
17 silly addNameRange { name: 'generator-fe', range: '', hasData: false }
18 verbose url raw generator-fe
19 verbose url resolving [ 'https://registry.npmjs.org/', './generator-fe' ]
20 verbose url resolved https://registry.npmjs.org/generator-fe
21 info trying registry request attempt 1 at 13:45:02
22 http GET https://registry.npmjs.org/generator-fe
23 http 404 https://registry.npmjs.org/generator-fe
24 silly registry.get cb [ 404,
24 silly registry.get   { server: 'CouchDB/1.3.0 (Erlang OTP/R15B03)',
24 silly registry.get     date: 'Sat, 08 Jun 2013 11:45:03 GMT',
24 silly registry.get     'content-type': 'application/json',
24 silly registry.get     'content-length': '52',
24 silly registry.get     'cache-control': 'must-revalidate' } ]
25 silly lockFile c167214d-generator-fe generator-fe@
26 silly lockFile c167214d-generator-fe generator-fe@
27 error 404 'generator-fe' is not in the npm registry.
27 error 404 You should bug the author to publish it
27 error 404
27 error 404 Note that you can also install from a
27 error 404 tarball, folder, or http url, or git url.
28 error System Darwin 12.3.0
29 error command "node" "/usr/local/bin/npm" "publish" "generator-fe"
30 error cwd /Users/artem/Dropbox/Work/Euristica/rodlex.ru/Website/generator-fe
31 error node -v v0.10.0
32 error npm -v 1.2.14
33 error code E404
34 verbose exit [ 1, true ]
